2025-02-28 18:08:19,781 INFO Номер отправителя 123456789, номер получателя 987654321, текст сообщения: 'Привет_это_тестовое_сообщение!'
2025-02-28 18:08:19,784 INFO Адресс хоста http://localhost:4010, путь API /send_sms, логин test_login, пароль test_password
2025-02-28 18:08:19,789 INFO Ответ от сервиса: HttpResponse(status_code=200, status_message=OK, headers={'Access-Control-Allow-Origin': '*', 'Access-Control-Allow-Headers': '*', 'Access-Control-Allow-Credentials': 'true', 'Access-Control-Expose-Headers': '*', 'Content-type': 'application/json', 'Content-Length': '42', 'Date': 'Fri, 28 Feb 2025 15:08:19 GMT', 'Connection': 'keep-alive', 'Keep-Alive': 'timeout=5'}, body={"status":"success","message_id":"123456"})
2025-02-28 18:08:29,786 INFO Номер отправителя 123456789, номер получателя 987654321, текст сообщения: 'Привет_это_тестовое_сообщение!'
2025-02-28 18:08:29,789 INFO Адресс хоста http://localhost:4010, путь API /send_sms, логин test_login, пароль test_password
2025-02-28 18:08:29,794 INFO Ответ от сервиса: HttpResponse(status_code=200, status_message=OK, headers={'Access-Control-Allow-Origin': '*', 'Access-Control-Allow-Headers': '*', 'Access-Control-Allow-Credentials': 'true', 'Access-Control-Expose-Headers': '*', 'Content-type': 'application/json', 'Content-Length': '42', 'Date': 'Fri, 28 Feb 2025 15:08:29 GMT', 'Connection': 'keep-alive', 'Keep-Alive': 'timeout=5'}, body={"status":"success","message_id":"123456"})
2025-02-28 18:09:07,988 INFO Номер отправителя 123456789, номер получателя 987654321, текст сообщения: 'Привет_это_тестовое_сообщение!'
2025-02-28 18:09:07,991 INFO Адресс хоста http://localhost:4010, путь API /send_sms, логин test_login, пароль test_password
2025-02-28 18:09:07,996 INFO Ответ от сервиса: HttpResponse(status_code=200, status_message=OK, headers={'Access-Control-Allow-Origin': '*', 'Access-Control-Allow-Headers': '*', 'Access-Control-Allow-Credentials': 'true', 'Access-Control-Expose-Headers': '*', 'Content-type': 'application/json', 'Content-Length': '42', 'Date': 'Fri, 28 Feb 2025 15:09:07 GMT', 'Connection': 'keep-alive', 'Keep-Alive': 'timeout=5'}, body={"status":"success","message_id":"123456"})
2025-02-28 18:09:51,255 INFO Номер отправителя 123456789, номер получателя 987654321, текст сообщения: 'Привет_это_тестовое_сообщение!'
2025-02-28 18:09:51,258 INFO Адресс хоста http://localhost:4010, путь API /send_sms, логин , пароль test_password
2025-02-28 18:09:51,265 INFO Ответ от сервиса: HttpResponse(status_code=401, status_message=Unauthorized, headers={'Access-Control-Allow-Origin': '*', 'Access-Control-Allow-Headers': '*', 'Access-Control-Allow-Credentials': 'true', 'Access-Control-Expose-Headers': '*', 'sl-violations': '[{"location":["request"],"severity":"Error","code":401,"message":"Invalid security scheme used"}]', 'Content-type': 'application/json', 'Content-Length': '31', 'Date': 'Fri, 28 Feb 2025 15:09:51 GMT', 'Connection': 'keep-alive', 'Keep-Alive': 'timeout=5'}, body={"error":"Invalid credentials"})
2025-02-28 18:13:35,259 INFO Номер отправителя 123456789, номер получателя 987654321, текст сообщения: 'Привет_это_тестовое_сообщение!'
2025-02-28 18:13:35,262 INFO Адресс хоста http://localhost:4010, путь API /send_sms, логин , пароль test_password
2025-02-28 18:13:35,262 WARNING Отсутсвует логин и токен пользователя
2025-02-28 18:13:35,268 INFO Ответ от сервиса: HttpResponse(status_code=401, status_message=Unauthorized, headers={'Access-Control-Allow-Origin': '*', 'Access-Control-Allow-Headers': '*', 'Access-Control-Allow-Credentials': 'true', 'Access-Control-Expose-Headers': '*', 'sl-violations': '[{"location":["request"],"severity":"Error","code":401,"message":"Invalid security scheme used"}]', 'Content-type': 'application/json', 'Content-Length': '31', 'Date': 'Fri, 28 Feb 2025 15:13:35 GMT', 'Connection': 'keep-alive', 'Keep-Alive': 'timeout=5'}, body={"error":"Invalid credentials"})
2025-02-28 18:13:39,925 INFO Номер отправителя 123456789, номер получателя 987654321, текст сообщения: 'Привет_это_тестовое_сообщение!'
2025-02-28 18:13:39,928 INFO Адресс хоста http://localhost:4010, путь API /send_sms, логин , пароль test_password
2025-02-28 18:13:39,928 WARNING Отсутсвует логин и токен пользователя
2025-02-28 18:13:39,935 INFO Ответ от сервиса: HttpResponse(status_code=401, status_message=Unauthorized, headers={'Access-Control-Allow-Origin': '*', 'Access-Control-Allow-Headers': '*', 'Access-Control-Allow-Credentials': 'true', 'Access-Control-Expose-Headers': '*', 'sl-violations': '[{"location":["request"],"severity":"Error","code":401,"message":"Invalid security scheme used"}]', 'Content-type': 'application/json', 'Content-Length': '31', 'Date': 'Fri, 28 Feb 2025 15:13:39 GMT', 'Connection': 'keep-alive', 'Keep-Alive': 'timeout=5'}, body={"error":"Invalid credentials"})
2025-02-28 18:14:27,885 INFO Номер отправителя 123456789, номер получателя 987654321, текст сообщения: 'Привет_это_тестовое_сообщение!'
2025-02-28 18:14:27,888 INFO Адресс хоста http://localhost:4010, путь API /send_sms, логин test_login, пароль test_password
2025-02-28 18:14:27,894 INFO Ответ от сервиса: HttpResponse(status_code=400, status_message=Bad Request, headers={'Access-Control-Allow-Origin': '*', 'Access-Control-Allow-Headers': '*', 'Access-Control-Allow-Credentials': 'true', 'Access-Control-Expose-Headers': '*', 'sl-violations': '[{"location":["request","body"],"severity":"Error","code":"required","message":"Request body must have required property \'sender\'"}]', 'Content-type': 'application/json', 'Content-Length': '30', 'Date': 'Fri, 28 Feb 2025 15:14:27 GMT', 'Connection': 'keep-alive', 'Keep-Alive': 'timeout=5'}, body={"error":"Invalid parameters"})
2025-02-28 18:15:38,082 INFO Номер отправителя 123456789, номер получателя 987654321, текст сообщения: 'Привет_это_тестовое_сообщение!'
2025-02-28 18:15:38,085 INFO Адресс хоста http://localhost:4010, путь API /send_sms, логин test_login, пароль test_password
2025-02-28 18:15:38,090 INFO Ответ от сервиса: HttpResponse(status_code=200, status_message=OK, headers={'Access-Control-Allow-Origin': '*', 'Access-Control-Allow-Headers': '*', 'Access-Control-Allow-Credentials': 'true', 'Access-Control-Expose-Headers': '*', 'Content-type': 'application/json', 'Content-Length': '42', 'Date': 'Fri, 28 Feb 2025 15:15:38 GMT', 'Connection': 'keep-alive', 'Keep-Alive': 'timeout=5'}, body={"status":"success","message_id":"123456"})
2025-02-28 18:16:22,569 INFO Номер отправителя 123456789, номер получателя 987654321, текст сообщения: 'Привет_это_тестовое_сообщение!'
2025-02-28 18:16:22,572 INFO Адресс хоста http://localhost:4010, путь API /send_sms, логин test_login_1, пароль test_password_1
2025-02-28 18:16:22,578 INFO Ответ от сервиса: HttpResponse(status_code=200, status_message=OK, headers={'Access-Control-Allow-Origin': '*', 'Access-Control-Allow-Headers': '*', 'Access-Control-Allow-Credentials': 'true', 'Access-Control-Expose-Headers': '*', 'Content-type': 'application/json', 'Content-Length': '42', 'Date': 'Fri, 28 Feb 2025 15:16:22 GMT', 'Connection': 'keep-alive', 'Keep-Alive': 'timeout=5'}, body={"status":"success","message_id":"123456"})
